Arguments: 
  /opt/homebrew/Cellar/node/19.6.0/bin/node /opt/homebrew/Cellar/yarn/1.22.19/libexec/bin/yarn.js publish

PATH: 
  /opt/homebrew/sbin:/opt/homebrew/bin:/opt/homebrew/bin:/opt/homebrew/opt/openjdk/bin:/usr/local/bin:/usr/bin:/bin:/usr/sbin:/sbin:/Library/Apple/usr/bin:/opt/homebrew/bin:/usr/local/mysql/bin

Yarn version: 
  1.22.19

Node version: 
  19.6.0

Platform: 
  darwin arm64

Trace: 
  Error: canceled
      at Interface.<anonymous> (/opt/homebrew/Cellar/yarn/1.22.19/libexec/lib/cli.js:137150:13)
      at Interface.emit (node:events:512:28)
      at [_ttyWrite] [as _ttyWrite] (node:internal/readline/interface:1132:18)
      at ReadStream.onkeypress (node:internal/readline/interface:271:20)
      at ReadStream.emit (node:events:512:28)
      at emitKeys (node:internal/readline/utils:357:14)
      at emitKeys.next (<anonymous>)
      at ReadStream.onData (node:internal/readline/emitKeypressEvents:64:36)
      at ReadStream.emit (node:events:512:28)
      at addChunk (node:internal/streams/readable:324:12)

npm manifest: 
  {
      "name": "qa-dev-tools",
      "version": "1.0.6",
      "description": "This package gives you some methods to access dom elements by their dev. expressions.",
      "main": "shaonutil.js",
      "repository": "https://github.com/ShaonMajumder/qa-dev-tools.git",
      "author": "Shaon Majumder <smazoomder@gmail.com>",
      "license": "MIT",
      "keywords": [
        "json",
        "formdata"
      ],
      "homepage": "https://github.com/ShaonMajumder"
    }

yarn manifest: 
  No manifest

Lockfile: 
  No lockfile
